[0m16:10:17.385397 [debug] [MainThread]: Sending event: {'category': 'dbt', 'action': 'invocation', 'label': 'start', 'context': [<snowplow_tracker.self_describing_json.SelfDescribingJson object at 0x000001E235FCFAC0>, <snowplow_tracker.self_describing_json.SelfDescribingJson object at 0x000001E235702E90>, <snowplow_tracker.self_describing_json.SelfDescribingJson object at 0x000001E23589A860>]}


============================== 16:10:17.391350 | 7c314a7a-8a31-409a-a32d-4154ceb1078d ==============================
[0m16:10:17.391350 [info ] [MainThread]: Running with dbt=1.7.16
[0m16:10:17.393854 [debug] [MainThread]: running dbt with arguments {'printer_width': '80', 'indirect_selection': 'eager', 'write_json': 'True', 'log_cache_events': 'False', 'partial_parse': 'True', 'cache_selected_only': 'False', 'warn_error': 'None', 'version_check': 'True', 'profiles_dir': 'C:\\Users\\DELL\\.dbt', 'log_path': 'logs', 'debug': 'False', 'fail_fast': 'False', 'use_colors': 'True', 'use_experimental_parser': 'False', 'no_print': 'None', 'quiet': 'False', 'log_format': 'default', 'invocation_command': 'dbt init dbtlearn', 'warn_error_options': 'WarnErrorOptions(include=[], exclude=[])', 'introspect': 'True', 'target_path': 'None', 'static_parser': 'True', 'send_anonymous_usage_stats': 'True'}
[0m16:10:17.400269 [debug] [MainThread]: Starter project path: C:\Users\DELL\Desktop\course\venv\lib\site-packages\dbt\include\starter_project
[0m16:10:17.457901 [info ] [MainThread]: 
Your new dbt project "dbtlearn" was created!

For more information on how to configure the profiles.yml file,
please consult the dbt documentation here:

  https://docs.getdbt.com/docs/configure-your-profile

One more thing:

Need help? Don't hesitate to reach out to us via GitHub issues or on Slack:

  https://community.getdbt.com/

Happy modeling!

[0m16:10:17.457901 [info ] [MainThread]: Setting up your profile.
[0m16:16:05.665594 [info ] [MainThread]: Profile dbtlearn written to C:\Users\DELL\.dbt\profiles.yml using target's profile_template.yml and your supplied values. Run 'dbt debug' to validate the connection.
[0m16:16:05.670229 [debug] [MainThread]: Command `dbt init` succeeded at 16:16:05.668360 after 348.36 seconds
[0m16:16:05.670775 [debug] [MainThread]: Sending event: {'category': 'dbt', 'action': 'invocation', 'label': 'end', 'context': [<snowplow_tracker.self_describing_json.SelfDescribingJson object at 0x000001E235FCFAC0>, <snowplow_tracker.self_describing_json.SelfDescribingJson object at 0x000001E23589ABF0>, <snowplow_tracker.self_describing_json.SelfDescribingJson object at 0x000001E23589A230>]}
[0m16:16:05.670775 [debug] [MainThread]: Flushing usage events
[0m11:37:30.290852 [debug] [MainThread]: Sending event: {'category': 'dbt', 'action': 'invocation', 'label': 'start', 'context': [<snowplow_tracker.self_describing_json.SelfDescribingJson object at 0x0000026EAD88EE90>, <snowplow_tracker.self_describing_json.SelfDescribingJson object at 0x0000026EAD15E770>, <snowplow_tracker.self_describing_json.SelfDescribingJson object at 0x0000026EAD15F220>]}


============================== 11:37:30.303357 | bc5e2e9a-c8d0-4b77-aa1f-2a240aeee342 ==============================
[0m11:37:30.303357 [info ] [MainThread]: Running with dbt=1.7.16
[0m11:37:30.303357 [debug] [MainThread]: running dbt with arguments {'printer_width': '80', 'indirect_selection': 'eager', 'write_json': 'True', 'log_cache_events': 'False', 'partial_parse': 'True', 'cache_selected_only': 'False', 'profiles_dir': 'C:\\Users\\DELL\\.dbt', 'debug': 'False', 'fail_fast': 'False', 'log_path': 'logs', 'warn_error': 'None', 'version_check': 'True', 'use_colors': 'True', 'use_experimental_parser': 'False', 'no_print': 'None', 'quiet': 'False', 'warn_error_options': 'WarnErrorOptions(include=[], exclude=[])', 'introspect': 'True', 'invocation_command': 'dbt run', 'static_parser': 'True', 'target_path': 'None', 'log_format': 'default', 'send_anonymous_usage_stats': 'True'}
[0m11:37:30.303357 [error] [MainThread]: Encountered an error:
Runtime Error
  No dbt_project.yml found at expected path C:\Users\DELL\Desktop\course\dbt_project.yml
  Verify that each entry within packages.yml (and their transitive dependencies) contains a file named dbt_project.yml
  
[0m11:37:30.303357 [debug] [MainThread]: Command `dbt run` failed at 11:37:30.303357 after 0.09 seconds
[0m11:37:30.303357 [debug] [MainThread]: Sending event: {'category': 'dbt', 'action': 'invocation', 'label': 'end', 'context': [<snowplow_tracker.self_describing_json.SelfDescribingJson object at 0x0000026EAD88EE90>, <snowplow_tracker.self_describing_json.SelfDescribingJson object at 0x0000026EAD15EBF0>, <snowplow_tracker.self_describing_json.SelfDescribingJson object at 0x0000026EAD15D0F0>]}
[0m11:37:30.303357 [debug] [MainThread]: Flushing usage events
